<?xml version="1.0" encoding="UTF-8"?>
<testng-results ignored="0" total="5" passed="5" failed="0" skipped="0">
  <reporter-output>
  </reporter-output>
  <suite started-at="2019-09-26T14:07:24Z" name="Default suite" finished-at="2019-09-26T14:07:49Z" duration-ms="25481">
    <groups>
    </groups>
    <test started-at="2019-09-26T14:07:24Z" name="Default test" finished-at="2019-09-26T14:07:49Z" duration-ms="25481">
      <class name="com.atmecs.testscripts.scenario1.ServicesContext">
        <test-method signature="setup()[pri:1, instance:com.atmecs.testscripts.scenario1.ServicesContext@7fa98a66]" started-at="2019-09-26T14:07:24Z" name="setup" finished-at="2019-09-26T14:07:43Z" duration-ms="18621" status="PASS">
          <reporter-output>
          </reporter-output>
        </test-method> <!-- setup -->
        <test-method signature="ClickOnServices()[pri:18, instance:com.atmecs.testscripts.scenario1.ServicesContext@7fa98a66]" started-at="2019-09-26T14:07:43Z" name="ClickOnServices" finished-at="2019-09-26T14:07:47Z" duration-ms="4057" status="PASS">
          <reporter-output>
          </reporter-output>
        </test-method> <!-- ClickOnServices -->
        <test-method signature="ValidateDigitalLifeContext()[pri:19, instance:com.atmecs.testscripts.scenario1.ServicesContext@7fa98a66]" started-at="2019-09-26T14:07:47Z" name="ValidateDigitalLifeContext" finished-at="2019-09-26T14:07:47Z" duration-ms="144" status="PASS">
          <reporter-output>
          </reporter-output>
        </test-method> <!-- ValidateDigitalLifeContext -->
        <test-method signature="ClickServices()[pri:20, instance:com.atmecs.testscripts.scenario1.ServicesContext@7fa98a66]" started-at="2019-09-26T14:07:47Z" name="ClickServices" finished-at="2019-09-26T14:07:49Z" duration-ms="2435" status="PASS">
          <reporter-output>
          </reporter-output>
        </test-method> <!-- ClickServices -->
        <test-method signature="ValidateInfrastructureServicesContext()[pri:21, instance:com.atmecs.testscripts.scenario1.ServicesContext@7fa98a66]" started-at="2019-09-26T14:07:49Z" name="ValidateInfrastructureServicesContext" finished-at="2019-09-26T14:07:49Z" duration-ms="185" status="PASS">
          <reporter-output>
          </reporter-output>
        </test-method> <!-- ValidateInfrastructureServicesContext -->
      </class> <!-- com.atmecs.testscripts.scenario1.ServicesContext -->
    </test> <!-- Default test -->
  </suite> <!-- Default suite -->
</testng-results>
