<?xml version="1.0" encoding="UTF-8"?>
<testng-results ignored="0" total="9" passed="9" failed="0" skipped="0">
  <reporter-output>
  </reporter-output>
  <suite started-at="2019-09-26T17:45:10 IST" name="Suite" finished-at="2019-09-26T17:45:49 IST" duration-ms="38789">
    <groups>
    </groups>
    <test started-at="2019-09-26T17:45:10 IST" name="Test" finished-at="2019-09-26T17:45:49 IST" duration-ms="38789">
      <class name="com.atmecs.testscripts.scenario2.InsightBlogs">
        <test-method signature="setup()[pri:1, instance:com.atmecs.testscripts.scenario2.InsightBlogs@161b062a]" started-at="2019-09-26T17:45:10 IST" name="setup" finished-at="2019-09-26T17:45:29 IST" duration-ms="18833" status="PASS">
          <reporter-output>
          </reporter-output>
        </test-method> <!-- setup -->
        <test-method signature="ClickOnInsights()[pri:2, instance:com.atmecs.testscripts.scenario2.InsightBlogs@161b062a]" started-at="2019-09-26T17:45:29 IST" name="ClickOnInsights" finished-at="2019-09-26T17:45:32 IST" duration-ms="3102" status="PASS">
          <reporter-output>
          </reporter-output>
        </test-method> <!-- ClickOnInsights -->
        <test-method signature="ClickOnBlogs()[pri:3, instance:com.atmecs.testscripts.scenario2.InsightBlogs@161b062a]" started-at="2019-09-26T17:45:32 IST" name="ClickOnBlogs" finished-at="2019-09-26T17:45:37 IST" duration-ms="5352" status="PASS">
          <reporter-output>
          </reporter-output>
        </test-method> <!-- ClickOnBlogs -->
        <test-method signature="ClickBlogImageLink()[pri:4, instance:com.atmecs.testscripts.scenario2.InsightBlogs@161b062a]" started-at="2019-09-26T17:45:37 IST" name="ClickBlogImageLink" finished-at="2019-09-26T17:45:45 IST" duration-ms="7790" status="PASS">
          <reporter-output>
          </reporter-output>
        </test-method> <!-- ClickBlogImageLink -->
        <test-method signature="ValidateBreadcrumb()[pri:5, instance:com.atmecs.testscripts.scenario2.InsightBlogs@161b062a]" started-at="2019-09-26T17:45:45 IST" name="ValidateBreadcrumb" finished-at="2019-09-26T17:45:45 IST" duration-ms="133" status="PASS">
          <reporter-output>
          </reporter-output>
        </test-method> <!-- ValidateBreadcrumb -->
        <test-method signature="ValidateDate()[pri:6, instance:com.atmecs.testscripts.scenario2.InsightBlogs@161b062a]" started-at="2019-09-26T17:45:45 IST" name="ValidateDate" finished-at="2019-09-26T17:45:45 IST" duration-ms="12" status="PASS">
          <reporter-output>
          </reporter-output>
        </test-method> <!-- ValidateDate -->
        <test-method signature="ValidateContent()[pri:7, instance:com.atmecs.testscripts.scenario2.InsightBlogs@161b062a]" started-at="2019-09-26T17:45:45 IST" name="ValidateContent" finished-at="2019-09-26T17:45:45 IST" duration-ms="78" status="PASS">
          <reporter-output>
          </reporter-output>
        </test-method> <!-- ValidateContent -->
        <test-method signature="CLickOnPostComment()[pri:8, instance:com.atmecs.testscripts.scenario2.InsightBlogs@161b062a]" started-at="2019-09-26T17:45:45 IST" name="CLickOnPostComment" finished-at="2019-09-26T17:45:49 IST" duration-ms="3376" status="PASS">
          <reporter-output>
          </reporter-output>
        </test-method> <!-- CLickOnPostComment -->
        <test-method signature="ValidateErrorMessage()[pri:9, instance:com.atmecs.testscripts.scenario2.InsightBlogs@161b062a]" started-at="2019-09-26T17:45:49 IST" name="ValidateErrorMessage" finished-at="2019-09-26T17:45:49 IST" duration-ms="49" status="PASS">
          <reporter-output>
          </reporter-output>
        </test-method> <!-- ValidateErrorMessage -->
      </class> <!-- com.atmecs.testscripts.scenario2.InsightBlogs -->
    </test> <!-- Test -->
  </suite> <!-- Suite -->
</testng-results>
