<?xml version="1.0" encoding="UTF-8"?>
<!-- Generated by org.testng.reporters.JUnitXMLReporter -->
<testsuite ignored="0" hostname="ATMECSINDT-080" failures="0" tests="17" name="Test" time="61.376" errors="0" timestamp="26 Sep 2019 13:13:23 GMT">
  <testcase classname="com.org.atmecs.testbase.InvokeBrowser" name="setup" time="18.626"/>
  <testcase classname="com.atmecs.testscripts.scenario1.Home" name="ClickOnHome" time="5.012"/>
  <testcase classname="com.atmecs.testscripts.scenario1.Home" name="ValidateHomeFooter" time="0.109"/>
  <testcase classname="com.atmecs.testscripts.scenario1.AboutUs" name="ClickOnAboutUs" time="4.978"/>
  <testcase classname="com.atmecs.testscripts.scenario1.AboutUs" name="ValidateFooterAboutUs" time="0.13"/>
  <testcase classname="com.atmecs.testscripts.scenario1.Services" name="ClickOnServices" time="9.38"/>
  <testcase classname="com.atmecs.testscripts.scenario1.Services" name="ValidateFooterServices" time="0.182"/>
  <testcase classname="com.atmecs.testscripts.scenario1.Partners" name="ClickOnPartners" time="5.452"/>
  <testcase classname="com.atmecs.testscripts.scenario1.Partners" name="ValidateFooterPartners" time="0.105"/>
  <testcase classname="com.atmecs.testscripts.scenario1.Media" name="ClickOnMedia" time="3.175"/>
  <testcase classname="com.atmecs.testscripts.scenario1.Media" name="ValidateFooterMedia" time="0.089"/>
  <testcase classname="com.atmecs.testscripts.scenario1.Insights" name="ClickOnInsights" time="3.212"/>
  <testcase classname="com.atmecs.testscripts.scenario1.Insights" name="ValidateFooterInsights" time="0.092"/>
  <testcase classname="com.atmecs.testscripts.scenario1.Careers" name="ClickOnCareers" time="5.064"/>
  <testcase classname="com.atmecs.testscripts.scenario1.Careers" name="ValidateFooterCareers" time="0.101"/>
  <testcase classname="com.atmecs.testscripts.scenario1.ContactUs" name="ClickOnContactUs" time="5.5"/>
  <testcase classname="com.atmecs.testscripts.scenario1.ContactUs" name="ValidateFooterContactUs" time="0.1"/>
</testsuite> <!-- Test -->
