<?xml version="1.0" encoding="UTF-8"?>
<!-- Generated by org.testng.reporters.JUnitXMLReporter -->
<testsuite ignored="0" hostname="ATMECSINDT-080" failures="0" tests="5" name="Default test" time="25.481" errors="0" timestamp="26 Sep 2019 14:07:49 GMT">
  <testcase classname="com.org.atmecs.testbase.InvokeBrowser" name="setup" time="18.621"/>
  <testcase classname="com.atmecs.testscripts.scenario1.ServicesContext" name="ClickOnServices" time="4.057"/>
  <testcase classname="com.atmecs.testscripts.scenario1.ServicesContext" name="ValidateDigitalLifeContext" time="0.144"/>
  <testcase classname="com.atmecs.testscripts.scenario1.ServicesContext" name="ClickServices" time="2.435"/>
  <testcase classname="com.atmecs.testscripts.scenario1.ServicesContext" name="ValidateInfrastructureServicesContext" time="0.185"/>
</testsuite> <!-- Default test -->
