<?xml version="1.0" encoding="UTF-8"?>
<!-- Generated by org.testng.reporters.JUnitXMLReporter -->
<testsuite ignored="0" hostname="ATMECSINDT-080" failures="0" tests="9" name="Test" time="38.789" errors="0" timestamp="2019-09-26T17:45:49 IST">
  <testcase classname="com.org.atmecs.testbase.InvokeBrowser" name="setup" time="18.833"/>
  <testcase classname="com.atmecs.testscripts.scenario2.InsightBlogs" name="ClickOnInsights" time="3.102"/>
  <testcase classname="com.atmecs.testscripts.scenario2.InsightBlogs" name="ClickOnBlogs" time="5.352"/>
  <testcase classname="com.atmecs.testscripts.scenario2.InsightBlogs" name="ClickBlogImageLink" time="7.79"/>
  <testcase classname="com.atmecs.testscripts.scenario2.InsightBlogs" name="ValidateBreadcrumb" time="0.133"/>
  <testcase classname="com.atmecs.testscripts.scenario2.InsightBlogs" name="ValidateDate" time="0.012"/>
  <testcase classname="com.atmecs.testscripts.scenario2.InsightBlogs" name="ValidateContent" time="0.078"/>
  <testcase classname="com.atmecs.testscripts.scenario2.InsightBlogs" name="CLickOnPostComment" time="3.376"/>
  <testcase classname="com.atmecs.testscripts.scenario2.InsightBlogs" name="ValidateErrorMessage" time="0.049"/>
</testsuite> <!-- Test -->
